======================================
SSANCAR 크롤링 시작: 2026-03-07 10:30:01
======================================

[1] 경매 차량 크롤링 (상세 페이지 포함)...
============================================================
SSANCAR 경매 차량 상세 크롤러
시작: 2026. 3. 7. 오전 10:30:01
============================================================
browserType.launch: Failed to launch: Error: spawn /root/.cache/ms-playwright/chromium_headless_shell-1208/chrome-headless-shell-linux64/chrome-headless-shell EACCES
Call log:
  - <launching> /root/.cache/ms-playwright/chromium_headless_shell-1208/chrome-headless-shell-linux64/chrome-headless-shell --disable-field-trial-config --disable-background-networking --disable-background-timer-throttling --disable-backgrounding-occluded-windows --disable-back-forward-cache --disable-breakpad --disable-client-side-phishing-detection --disable-component-extensions-with-background-pages --disable-component-update --no-default-browser-check --disable-default-apps --disable-dev-shm-usage --disable-extensions --disable-features=AvoidUnnecessaryBeforeUnloadCheckSync,BoundaryEventDispatchTracksNodeRemoval,DestroyProfileOnBrowserClose,DialMediaRouteProvider,GlobalMediaControls,HttpsUpgrades,LensOverlay,MediaRouter,PaintHolding,ThirdPartyStoragePartitioning,Translate,AutoDeElevate,RenderDocument,OptimizationHints --enable-features=CDPScreenshotNewSurface --allow-pre-commit-input --disable-hang-monitor --disable-ipc-flooding-protection --disable-popup-blocking --disable-prompt-on-repost --disable-renderer-backgrounding --force-color-profile=srgb --metrics-recording-only --no-first-run --password-store=basic --use-mock-keychain --no-service-autorun --export-tagged-pdf --disable-search-engine-choice-screen --unsafely-disable-devtools-self-xss-warnings --edge-skip-compat-layer-relaunch --enable-automation --disable-infobars --disable-search-engine-choice-screen --disable-sync --enable-unsafe-swiftshader --headless --hide-scrollbars --mute-audio --blink-settings=primaryHoverType=2,availableHoverTypes=2,primaryPointerType=4,availablePointerTypes=4 --no-sandbox --no-sandbox --disable-setuid-sandbox --user-data-dir=/tmp/playwright_chromiumdev_profile-NKQEZa --remote-debugging-pipe --no-startup-window
  - [pid=N/A] starting temporary directories cleanup
  - [pid=N/A] finished temporary directories cleanup

    at main (/var/www/Jungcar/scripts/crawl-ssancar-auction-detail.mjs:109:34)
    at /var/www/Jungcar/scripts/crawl-ssancar-auction-detail.mjs:335:1
[1] 경매 차량 크롤링 완료 ✓

[2] 일반 차량 크롤링 (목록만)...
============================================================
SSANCAR Stock 차량 전체 크롤러
시작: 2026. 3. 7. 오전 10:30:02
============================================================

[이어서 크롤링] 기존 56,502대 로드, 3767페이지부터 재개

[1단계] SSANCAR Stock 페이지 접속...
  총 차량: 63,895대
  목표 크롤링: 56,502대 (3,767 페이지)

[2단계] 페이지 크롤링 시작...
  시작 페이지: 3,767
  목표 대수 56,502대 도달! 크롤링 완료.

  총 56,502대 크롤링 완료

[3단계] 데이터 가공...

[4단계] 데이터 저장...

============================================================
완료: 2026. 3. 7. 오전 10:30:10
총 Stock 차량: 56,502대
저장 위치: /var/www/Jungcar/public/data/ssancar-stock.json
============================================================
[2] 일반 차량 크롤링 완료 ✓

======================================
SSANCAR 크롤링 종료: 2026-03-07 10:30:10
======================================
