========================================
일일 크롤링 시작: 2026-02-20 09:00:01
========================================

[1/2] 현대글로비스 크롤링 시작...
  -> 현대글로비스 완료

[2/2] 오토허브 크롤링 시작...
  -> 오토허브 완료

========================================
크롤링 완료: 2026-02-20 09:00:24
로그 파일: /var/www/Jungcar/logs/crawl-2026-02-20_0900.log
========================================
========================================
일일 크롤링 시작: 2026-02-21 09:00:01
========================================

[1/3] 오토벨 일반차량 크롤링 시작...
  -> 오토벨 일반차량 완료

[2/3] 현대글로비스 스킵 (오늘은 경매일 아님)

[3/3] 오토허브 스킵 (오늘은 경매일 아님)

========================================
크롤링 완료: 2026-02-21 09:01:47
로그 파일: /var/www/Jungcar/logs/crawl-2026-02-21_0900.log
========================================
========================================
일일 크롤링 시작: 2026-02-22 09:00:02
========================================

[1/3] 오토벨 일반차량 크롤링 시작...
  -> 오토벨 일반차량 완료

[2/3] 현대글로비스 스킵 (오늘은 경매일 아님)

[3/3] 오토허브 스킵 (오늘은 경매일 아님)

========================================
크롤링 완료: 2026-02-22 09:01:45
로그 파일: /var/www/Jungcar/logs/crawl-2026-02-22_0900.log
========================================
========================================
일일 크롤링 시작: 2026-02-23 09:00:01
========================================

[1/3] 오토벨 일반차량 크롤링 시작...
  -> 오토벨 일반차량 완료

[2/3] 현대글로비스 스킵 (오늘은 경매일 아님)

[3/3] 오토허브 스킵 (오늘은 경매일 아님)

========================================
크롤링 완료: 2026-02-23 09:01:47
로그 파일: /var/www/Jungcar/logs/crawl-2026-02-23_0900.log
========================================
